#
# There is insufficient memory for the Java Runtime Environment to continue.
# Native memory allocation (mmap) failed to map 45613056 bytes for committing reserved memory.
# Possible reasons:
#   The system is out of physical RAM or swap space
#   In 32 bit mode, the process size limit was hit
# Possible solutions:
#   Reduce memory load on the system
#   Increase physical memory or swap space
#   Check if swap backing store is full
#   Use 64 bit Java on a 64 bit OS
#   Decrease Java heap size (-Xmx/-Xms)
#   Decrease number of Java threads
#   Decrease Java thread stack sizes (-Xss)
#   Set larger code cache with -XX:ReservedCodeCacheSize=
# This output file may be truncated or incomplete.
#
#  Out of Memory Error (os_linux.cpp:2640), pid=17970, tid=0x00007f71814e2700
#
# JRE version: OpenJDK Runtime Environment (8.0_181-b13) (build 1.8.0_181-b13)
# Java VM: OpenJDK 64-Bit Server VM (25.181-b13 mixed mode linux-amd64 compressed oops)
# Core dump written. Default location: /home/rayc/Documents/workspace-spring-tool-suite-4-4.0.0.RELEASE/HelpDesk/core or core.17970
#

---------------  T H R E A D  ---------------

Current thread (0x00007f719807a800):  VMThread [stack: 0x00007f71813e3000,0x00007f71814e3000] [id=17981]

Stack: [0x00007f71813e3000,0x00007f71814e3000],  sp=0x00007f71814e1450,  free space=1017k
Native frames: (J=compiled Java code, j=interpreted, Vv=VM code, C=native code)
V  [libjvm.so+0xa2b17c]
V  [libjvm.so+0x4b7dfa]
V  [libjvm.so+0x88c9dc]
V  [libjvm.so+0x88713f]
V  [libjvm.so+0x8fd98f]
V  [libjvm.so+0x8fe231]
V  [libjvm.so+0x8fea6b]
V  [libjvm.so+0x8fb94f]
V  [libjvm.so+0x8fbd7c]
V  [libjvm.so+0x8ae66a]
V  [libjvm.so+0xa2cf39]
V  [libjvm.so+0xa32427]
V  [libjvm.so+0xa2fe98]
V  [libjvm.so+0xa3115d]
V  [libjvm.so+0xa313be]
V  [libjvm.so+0x889e74]

VM_Operation (0x00007f7178bf7150): ParallelGCFailedAllocation, mode: safepoint, requested by thread 0x00007f7130003000


---------------  P R O C E S S  ---------------

Java Threads: ( => current thread )
  0x00007f712461b000 JavaThread "container-0" [_thread_blocked, id=18131, stack(0x00007f71780fa000,0x00007f71781fb000)]
  0x00007f7124633000 JavaThread "ContainerBackgroundProcessor[StandardEngine[Tomcat]]" daemon [_thread_blocked, id=18130, stack(0x00007f71238ff000,0x00007f7123a00000)]
  0x00007f7114145000 JavaThread "pool-2-thread-1" daemon [_thread_blocked, id=18123, stack(0x00007f71234fd000,0x00007f71235fe000)]
  0x00007f7114142800 JavaThread "cluster-ClusterId{value='5bc4840acecc4546322e53f7', description='null'}-ds133113.mlab.com:33113" daemon [_thread_blocked, id=18122, stack(0x00007f71235fe000,0x00007f71236ff000)]
  0x00007f7150003000 JavaThread "RMI TCP Connection(idle)" daemon [_thread_blocked, id=18106, stack(0x00007f71787fb000,0x00007f71788fc000)]
  0x00007f7130003000 JavaThread "restartedMain" [_thread_blocked, id=18099, stack(0x00007f7178afc000,0x00007f7178bfd000)]
  0x00007f7198716000 JavaThread "Thread-2" [_thread_blocked, id=18098, stack(0x00007f7178bfd000,0x00007f7178cfe000)]
  0x00007f7140009000 JavaThread "JMX server connection timeout 16" daemon [_thread_blocked, id=18000, stack(0x00007f7178efe000,0x00007f7178fff000)]
  0x00007f7198458800 JavaThread "RMI TCP Accept-0" daemon [_thread_in_native, id=17998, stack(0x00007f71801e5000,0x00007f71802e6000)]
  0x00007f714800c000 JavaThread "RMI Scheduler(0)" daemon [_thread_blocked, id=17993, stack(0x00007f7180403000,0x00007f7180504000)]
  0x00007f7144001800 JavaThread "RMI TCP Connection(4)-127.0.0.1" daemon [_thread_blocked, id=17992, stack(0x00007f7180504000,0x00007f7180605000)]
  0x00007f719842d000 JavaThread "RMI TCP Accept-37679" daemon [_thread_in_native, id=17991, stack(0x00007f718060f000,0x00007f7180710000)]
  0x00007f7198414000 JavaThread "RMI TCP Accept-0" daemon [_thread_blocked, id=17990, stack(0x00007f7180710000,0x00007f7180811000)]
  0x00007f71980cc000 JavaThread "Service Thread" daemon [_thread_blocked, id=17988, stack(0x00007f71809f5000,0x00007f7180af6000)]
  0x00007f71980c1000 JavaThread "C1 CompilerThread2" daemon [_thread_blocked, id=17987, stack(0x00007f7180af7000,0x00007f7180bf7000)]
  0x00007f71980bf000 JavaThread "C2 CompilerThread1" daemon [_thread_blocked, id=17986, stack(0x00007f7180bf8000,0x00007f7180cf8000)]
  0x00007f71980bc000 JavaThread "C2 CompilerThread0" daemon [_thread_blocked, id=17985, stack(0x00007f7180cf9000,0x00007f7180df9000)]
  0x00007f71980ba800 JavaThread "Signal Dispatcher" daemon [_thread_blocked, id=17984, stack(0x00007f7180df9000,0x00007f7180efa000)]
  0x00007f7198087000 JavaThread "Finalizer" daemon [_thread_blocked, id=17983, stack(0x00007f71811e0000,0x00007f71812e1000)]
  0x00007f7198082800 JavaThread "Reference Handler" daemon [_thread_blocked, id=17982, stack(0x00007f71812e1000,0x00007f71813e2000)]
  0x00007f719800d800 JavaThread "main" [_thread_blocked, id=17976, stack(0x00007f719caf9000,0x00007f719cbf9000)]

Other Threads:
=>0x00007f719807a800 VMThread [stack: 0x00007f71813e3000,0x00007f71814e3000] [id=17981]
  0x00007f719845b000 WatcherThread [stack: 0x00007f71800e5000,0x00007f71801e5000] [id=17999]

VM state:at safepoint (normal execution)

VM Mutex/Monitor currently owned by a thread:  ([mutex/lock_event])
[0x00007f719800ad30] Threads_lock - owner thread: 0x00007f719807a800
[0x00007f719800b230] Heap_lock - owner thread: 0x00007f7130003000

Heap:
 PSYoungGen      total 109056K, used 7755K [0x00000000ebf80000, 0x00000000f3b80000, 0x0000000100000000)
  eden space 100352K, 0% used [0x00000000ebf80000,0x00000000ebf80000,0x00000000f2180000)
  from space 8704K, 89% used [0x00000000f2180000,0x00000000f2912d48,0x00000000f2a00000)
  to   space 8192K, 0% used [0x00000000f2a00000,0x00000000f2a00000,0x00000000f3200000)
 ParOldGen       total 31744K, used 22920K [0x00000000c3e00000, 0x00000000c5d00000, 0x00000000ebf80000)
  object space 31744K, 72% used [0x00000000c3e00000,0x00000000c5462040,0x00000000c5d00000)
 Metaspace       used 33359K, capacity 34016K, committed 34176K, reserved 1079296K
  class space    used 4308K, capacity 4471K, committed 4480K, reserved 1048576K

Card table byte_map: [0x00007f719c510000,0x00007f719c6f2000] byte_map_base: 0x00007f719bef1000

Marking Bits: (ParMarkBitMap*) 0x00007f719da4aae0
 Begin Bits: [0x00007f71821f0000, 0x00007f71830f8000)
 End Bits:   [0x00007f71830f8000, 0x00007f7184000000)

Polling page: 0x00007f719de8d000

CodeCache: size=245760Kb used=7665Kb max_used=7665Kb free=238094Kb
 bounds [0x00007f7189000000, 0x00007f7189780000, 0x00007f7198000000]
 total_blobs=4048 nmethods=3629 adapters=332
 compilation: enabled

Compilation events (10 events):
Event: 106,392 Thread 0x00007f71980c1000 nmethod 3690 0x00007f718955f590 code [0x00007f718955f7e0, 0x00007f718955ff98]
Event: 106,395 Thread 0x00007f71980c1000 3692       1       java.beans.Introspector::addPropertyDescriptors (37 bytes)
Event: 106,396 Thread 0x00007f71980c1000 nmethod 3692 0x00007f718955f190 code [0x00007f718955f300, 0x00007f718955f488]
Event: 106,396 Thread 0x00007f71980c1000 3691       1       java.beans.Introspector::getPropertyDescriptors (37 bytes)
Event: 106,396 Thread 0x00007f71980c1000 nmethod 3691 0x00007f718955ed50 code [0x00007f718955eec0, 0x00007f718955f078]
Event: 106,398 Thread 0x00007f71980c1000 3693       1       sun.reflect.generics.tree.ClassSignature::getFormalTypeParameters (5 bytes)
Event: 106,398 Thread 0x00007f71980c1000 nmethod 3693 0x00007f718955ea90 code [0x00007f718955ebe0, 0x00007f718955ecf0]
Event: 106,479 Thread 0x00007f71980c1000 3694       1       java.util.regex.Pattern::skip (23 bytes)
Event: 106,479 Thread 0x00007f71980c1000 nmethod 3694 0x00007f718977db50 code [0x00007f718977dca0, 0x00007f718977ddf0]
Event: 106,479 Thread 0x00007f71980c1000 3695       1       java.util.regex.Pattern::RemoveQEQuoting (346 bytes)

GC Heap History (10 events):
Event: 16,164 GC heap after
Heap after GC invocations=11 (full 0):
 PSYoungGen      total 56832K, used 892K [0x00000000ebf80000, 0x00000000f1b80000, 0x0000000100000000)
  eden space 51200K, 0% used [0x00000000ebf80000,0x00000000ebf80000,0x00000000ef180000)
  from space 5632K, 15% used [0x00000000ef180000,0x00000000ef25f180,0x00000000ef700000)
  to   space 6144K, 0% used [0x00000000f1580000,0x00000000f1580000,0x00000000f1b80000)
 ParOldGen       total 42496K, used 13677K [0x00000000c3e00000, 0x00000000c6780000, 0x00000000ebf80000)
  object space 42496K, 32% used [0x00000000c3e00000,0x00000000c4b5b670,0x00000000c6780000)
 Metaspace       used 20723K, capacity 21176K, committed 21248K, reserved 1067008K
  class space    used 2615K, capacity 2766K, committed 2816K, reserved 1048576K
}
Event: 16,164 GC heap before
{Heap before GC invocations=12 (full 1):
 PSYoungGen      total 56832K, used 892K [0x00000000ebf80000, 0x00000000f1b80000, 0x0000000100000000)
  eden space 51200K, 0% used [0x00000000ebf80000,0x00000000ebf80000,0x00000000ef180000)
  from space 5632K, 15% used [0x00000000ef180000,0x00000000ef25f180,0x00000000ef700000)
  to   space 6144K, 0% used [0x00000000f1580000,0x00000000f1580000,0x00000000f1b80000)
 ParOldGen       total 42496K, used 13677K [0x00000000c3e00000, 0x00000000c6780000, 0x00000000ebf80000)
  object space 42496K, 32% used [0x00000000c3e00000,0x00000000c4b5b670,0x00000000c6780000)
 Metaspace       used 20723K, capacity 21176K, committed 21248K, reserved 1067008K
  class space    used 2615K, capacity 2766K, committed 2816K, reserved 1048576K
Event: 16,261 GC heap after
Heap after GC invocations=12 (full 1):
 PSYoungGen      total 56832K, used 0K [0x00000000ebf80000, 0x00000000f1b80000, 0x0000000100000000)
  eden space 51200K, 0% used [0x00000000ebf80000,0x00000000ebf80000,0x00000000ef180000)
  from space 5632K, 0% used [0x00000000ef180000,0x00000000ef180000,0x00000000ef700000)
  to   space 6144K, 0% used [0x00000000f1580000,0x00000000f1580000,0x00000000f1b80000)
 ParOldGen       total 31744K, used 8122K [0x00000000c3e00000, 0x00000000c5d00000, 0x00000000ebf80000)
  object space 31744K, 25% used [0x00000000c3e00000,0x00000000c45eeba0,0x00000000c5d00000)
 Metaspace       used 20723K, capacity 21176K, committed 21248K, reserved 1067008K
  class space    used 2615K, capacity 2766K, committed 2816K, reserved 1048576K
}
Event: 19,102 GC heap before
{Heap before GC invocations=13 (full 1):
 PSYoungGen      total 56832K, used 51200K [0x00000000ebf80000, 0x00000000f1b80000, 0x0000000100000000)
  eden space 51200K, 100% used [0x00000000ebf80000,0x00000000ef180000,0x00000000ef180000)
  from space 5632K, 0% used [0x00000000ef180000,0x00000000ef180000,0x00000000ef700000)
  to   space 6144K, 0% used [0x00000000f1580000,0x00000000f1580000,0x00000000f1b80000)
 ParOldGen       total 31744K, used 8122K [0x00000000c3e00000, 0x00000000c5d00000, 0x00000000ebf80000)
  object space 31744K, 25% used [0x00000000c3e00000,0x00000000c45eeba0,0x00000000c5d00000)
 Metaspace       used 22871K, capacity 23466K, committed 23552K, reserved 1069056K
  class space    used 2896K, capacity 3057K, committed 3072K, reserved 1048576K
Event: 19,109 GC heap after
Heap after GC invocations=13 (full 1):
 PSYoungGen      total 76800K, used 3791K [0x00000000ebf80000, 0x00000000f1980000, 0x0000000100000000)
  eden space 72704K, 0% used [0x00000000ebf80000,0x00000000ebf80000,0x00000000f0680000)
  from space 4096K, 92% used [0x00000000f1580000,0x00000000f1933ce8,0x00000000f1980000)
  to   space 5632K, 0% used [0x00000000f0e80000,0x00000000f0e80000,0x00000000f1400000)
 ParOldGen       total 31744K, used 8130K [0x00000000c3e00000, 0x00000000c5d00000, 0x00000000ebf80000)
  object space 31744K, 25% used [0x00000000c3e00000,0x00000000c45f0ba0,0x00000000c5d00000)
 Metaspace       used 22871K, capacity 23466K, committed 23552K, reserved 1069056K
  class space    used 2896K, capacity 3057K, committed 3072K, reserved 1048576K
}
Event: 48,519 GC heap before
{Heap before GC invocations=14 (full 1):
 PSYoungGen      total 76800K, used 76495K [0x00000000ebf80000, 0x00000000f1980000, 0x0000000100000000)
  eden space 72704K, 100% used [0x00000000ebf80000,0x00000000f0680000,0x00000000f0680000)
  from space 4096K, 92% used [0x00000000f1580000,0x00000000f1933ce8,0x00000000f1980000)
  to   space 5632K, 0% used [0x00000000f0e80000,0x00000000f0e80000,0x00000000f1400000)
 ParOldGen       total 31744K, used 8130K [0x00000000c3e00000, 0x00000000c5d00000, 0x00000000ebf80000)
  object space 31744K, 25% used [0x00000000c3e00000,0x00000000c45f0ba0,0x00000000c5d00000)
 Metaspace       used 26481K, capacity 27036K, committed 27392K, reserved 1073152K
  class space    used 3348K, capacity 3476K, committed 3584K, reserved 1048576K
Event: 48,614 GC heap after
Heap after GC invocations=14 (full 1):
 PSYoungGen      total 86528K, used 5630K [0x00000000ebf80000, 0x00000000f3200000, 0x0000000100000000)
  eden space 80896K, 0% used [0x00000000ebf80000,0x00000000ebf80000,0x00000000f0e80000)
  from space 5632K, 99% used [0x00000000f0e80000,0x00000000f13ffbc0,0x00000000f1400000)
  to   space 8192K, 0% used [0x00000000f2a00000,0x00000000f2a00000,0x00000000f3200000)
 ParOldGen       total 31744K, used 13826K [0x00000000c3e00000, 0x00000000c5d00000, 0x00000000ebf80000)
  object space 31744K, 43% used [0x00000000c3e00000,0x00000000c4b808e8,0x00000000c5d00000)
 Metaspace       used 26481K, capacity 27036K, committed 27392K, reserved 1073152K
  class space    used 3348K, capacity 3476K, committed 3584K, reserved 1048576K
}
Event: 55,380 GC heap before
{Heap before GC invocations=15 (full 1):
 PSYoungGen      total 86528K, used 86526K [0x00000000ebf80000, 0x00000000f3200000, 0x0000000100000000)
  eden space 80896K, 100% used [0x00000000ebf80000,0x00000000f0e80000,0x00000000f0e80000)
  from space 5632K, 99% used [0x00000000f0e80000,0x00000000f13ffbc0,0x00000000f1400000)
  to   space 8192K, 0% used [0x00000000f2a00000,0x00000000f2a00000,0x00000000f3200000)
 ParOldGen       total 31744K, used 13826K [0x00000000c3e00000, 0x00000000c5d00000, 0x00000000ebf80000)
  object space 31744K, 43% used [0x00000000c3e00000,0x00000000c4b808e8,0x00000000c5d00000)
 Metaspace       used 29881K, capacity 30578K, committed 30720K, reserved 1075200K
  class space    used 3837K, capacity 4042K, committed 4096K, reserved 1048576K
Event: 55,400 GC heap after
Heap after GC invocations=15 (full 1):
 PSYoungGen      total 108544K, used 5484K [0x00000000ebf80000, 0x00000000f3b80000, 0x0000000100000000)
  eden space 100352K, 0% used [0x00000000ebf80000,0x00000000ebf80000,0x00000000f2180000)
  from space 8192K, 66% used [0x00000000f2a00000,0x00000000f2f5b0f8,0x00000000f3200000)
  to   space 8704K, 0% used [0x00000000f2180000,0x00000000f2180000,0x00000000f2a00000)
 ParOldGen       total 31744K, used 19385K [0x00000000c3e00000, 0x00000000c5d00000, 0x00000000ebf80000)
  object space 31744K, 61% used [0x00000000c3e00000,0x00000000c50ee6b8,0x00000000c5d00000)
 Metaspace       used 29881K, capacity 30578K, committed 30720K, reserved 1075200K
  class space    used 3837K, capacity 4042K, committed 4096K, reserved 1048576K
}
Event: 106,885 GC heap before
{Heap before GC invocations=16 (full 1):
 PSYoungGen      total 108544K, used 105836K [0x00000000ebf80000, 0x00000000f3b80000, 0x0000000100000000)
  eden space 100352K, 100% used [0x00000000ebf80000,0x00000000f2180000,0x00000000f2180000)
  from space 8192K, 66% used [0x00000000f2a00000,0x00000000f2f5b0f8,0x00000000f3200000)
  to   space 8704K, 0% used [0x00000000f2180000,0x00000000f2180000,0x00000000f2a00000)
 ParOldGen       total 31744K, used 19385K [0x00000000c3e00000, 0x00000000c5d00000, 0x00000000ebf80000)
  object space 31744K, 61% used [0x00000000c3e00000,0x00000000c50ee6b8,0x00000000c5d00000)
 Metaspace       used 33359K, capacity 34016K, committed 34176K, reserved 1079296K
  class space    used 4308K, capacity 4471K, committed 4480K, reserved 1048576K

Deoptimization events (0 events):
No events

Classes redefined (0 events):
No events

Internal exceptions (10 events):
Event: 106,503 Thread 0x00007f7130003000 Exception <a 'java/lang/ArrayIndexOutOfBoundsException'> (0x00000000f2159d90) thrown at [/build/java8-openjdk/src/jdk8u-jdk8u181-b13/hotspot/src/share/vm/runtime/sharedRuntime.cpp, line 605]
Event: 106,504 Thread 0x00007f7130003000 Exception <a 'java/lang/ArrayIndexOutOfBoundsException'> (0x00000000f215edd8) thrown at [/build/java8-openjdk/src/jdk8u-jdk8u181-b13/hotspot/src/share/vm/runtime/sharedRuntime.cpp, line 605]
Event: 106,504 Thread 0x00007f7130003000 Exception <a 'java/lang/ArrayIndexOutOfBoundsException'> (0x00000000f2163e20) thrown at [/build/java8-openjdk/src/jdk8u-jdk8u181-b13/hotspot/src/share/vm/runtime/sharedRuntime.cpp, line 605]
Event: 106,504 Thread 0x00007f7130003000 Exception <a 'java/lang/ArrayIndexOutOfBoundsException'> (0x00000000f2168e68) thrown at [/build/java8-openjdk/src/jdk8u-jdk8u181-b13/hotspot/src/share/vm/runtime/sharedRuntime.cpp, line 605]
Event: 106,504 Thread 0x00007f7130003000 Exception <a 'java/lang/ArrayIndexOutOfBoundsException'> (0x00000000f216e3b8) thrown at [/build/java8-openjdk/src/jdk8u-jdk8u181-b13/hotspot/src/share/vm/runtime/sharedRuntime.cpp, line 605]
Event: 106,504 Thread 0x00007f7130003000 Exception <a 'java/lang/ArrayIndexOutOfBoundsException'> (0x00000000f21708e8) thrown at [/build/java8-openjdk/src/jdk8u-jdk8u181-b13/hotspot/src/share/vm/runtime/sharedRuntime.cpp, line 605]
Event: 106,504 Thread 0x00007f7130003000 Exception <a 'java/lang/ArrayIndexOutOfBoundsException'> (0x00000000f2172d48) thrown at [/build/java8-openjdk/src/jdk8u-jdk8u181-b13/hotspot/src/share/vm/runtime/sharedRuntime.cpp, line 605]
Event: 106,504 Thread 0x00007f7130003000 Exception <a 'java/lang/ArrayIndexOutOfBoundsException'> (0x00000000f21779a0) thrown at [/build/java8-openjdk/src/jdk8u-jdk8u181-b13/hotspot/src/share/vm/runtime/sharedRuntime.cpp, line 605]
Event: 106,505 Thread 0x00007f7130003000 Exception <a 'java/lang/ArrayIndexOutOfBoundsException'> (0x00000000f2179ed0) thrown at [/build/java8-openjdk/src/jdk8u-jdk8u181-b13/hotspot/src/share/vm/runtime/sharedRuntime.cpp, line 605]
Event: 106,505 Thread 0x00007f7130003000 Exception <a 'java/lang/ArrayIndexOutOfBoundsException'> (0x00000000f217c330) thrown at [/build/java8-openjdk/src/jdk8u-jdk8u181-b13/hotspot/src/share/vm/runtime/sharedRuntime.cpp, line 605]

Events (10 events):
Event: 106,486 loading class java/io/SerializableCustomizer done
Event: 106,486 loading class java/io/SerializableCustomizer
Event: 106,486 loading class java/io/SerializableCustomizer done
Event: 106,486 loading class com/fasterxml/jackson/core/VersionedCustomizer
Event: 106,486 loading class com/fasterxml/jackson/core/VersionedCustomizer done
Event: 106,487 loading class com/fasterxml/jackson/core/VersionedCustomizer
Event: 106,487 loading class com/fasterxml/jackson/core/VersionedCustomizer done
Event: 106,487 loading class com/fasterxml/jackson/core/VersionedCustomizer
Event: 106,487 loading class com/fasterxml/jackson/core/VersionedCustomizer done
Event: 106,743 Executing VM operation: ParallelGCFailedAllocation


Dynamic libraries:
c3e00000-c5d00000 rw-p 00000000 00:00 0 
c5d00000-ebf80000 ---p 00000000 00:00 0 
ebf80000-f3b80000 rw-p 00000000 00:00 0 
f6700000-100000000 ---p 00000000 00:00 0 
100000000-100460000 rw-p 00000000 00:00 0 
100460000-140000000 ---p 00000000 00:00 0 
559fbb881000-559fbb882000 r--p 00000000 08:01 9311429                    /usr/lib/jvm/java-8-openjdk/jre/bin/java
559fbb882000-559fbb883000 r-xp 00001000 08:01 9311429                    /usr/lib/jvm/java-8-openjdk/jre/bin/java
559fbb883000-559fbb884000 r--p 00002000 08:01 9311429                    /usr/lib/jvm/java-8-openjdk/jre/bin/java
559fbb884000-559fbb885000 r--p 00002000 08:01 9311429                    /usr/lib/jvm/java-8-openjdk/jre/bin/java
559fbb885000-559fbb886000 rw-p 00003000 08:01 9311429                    /usr/lib/jvm/java-8-openjdk/jre/bin/java
559fbbe88000-559fbbea9000 rw-p 00000000 00:00 0                          [heap]
7f710c000000-7f710c021000 rw-p 00000000 00:00 0 
7f710c021000-7f7110000000 ---p 00000000 00:00 0 
7f7114000000-7f711425f000 rw-p 00000000 00:00 0 
7f711425f000-7f7118000000 ---p 00000000 00:00 0 
7f7118000000-7f711804d000 rw-p 00000000 00:00 0 
7f711804d000-7f711c000000 ---p 00000000 00:00 0 
7f711c000000-7f711c021000 rw-p 00000000 00:00 0 
7f711c021000-7f7120000000 ---p 00000000 00:00 0 
7f71230fd000-7f71231fd000 rw-p 00000000 00:00 0 
7f71231fd000-7f71232fd000 ---p 00000000 00:00 0 
7f71232fd000-7f71234fd000 rw-p 00000000 00:00 0 
7f71234fd000-7f7123500000 ---p 00000000 00:00 0 
7f7123500000-7f71235fe000 rw-p 00000000 00:00 0 
7f71235fe000-7f7123601000 ---p 00000000 00:00 0 
7f7123601000-7f71238ff000 rw-p 00000000 00:00 0 
7f71238ff000-7f7123902000 ---p 00000000 00:00 0 
7f7123902000-7f7123c00000 rw-p 00000000 00:00 0 
7f7123c00000-7f7123e00000 rw-p 00000000 00:00 0 
7f7123e00000-7f7124000000 rw-p 00000000 00:00 0 
7f7124000000-7f71246a4000 rw-p 00000000 00:00 0 
7f71246a4000-7f7128000000 ---p 00000000 00:00 0 
7f7128000000-7f71281c2000 rw-p 00000000 00:00 0 
7f71281c2000-7f712c000000 ---p 00000000 00:00 0 
7f712c000000-7f712c021000 rw-p 00000000 00:00 0 
7f712c021000-7f7130000000 ---p 00000000 00:00 0 
7f7130000000-7f7130021000 rw-p 00000000 00:00 0 
7f7130021000-7f7134000000 ---p 00000000 00:00 0 
7f7134000000-7f7134021000 rw-p 00000000 00:00 0 
7f7134021000-7f7138000000 ---p 00000000 00:00 0 
7f7138000000-7f7138021000 rw-p 00000000 00:00 0 
7f7138021000-7f713c000000 ---p 00000000 00:00 0 
7f713c000000-7f713c021000 rw-p 00000000 00:00 0 
7f713c021000-7f7140000000 ---p 00000000 00:00 0 
7f7140000000-7f7140021000 rw-p 00000000 00:00 0 
7f7140021000-7f7144000000 ---p 00000000 00:00 0 
7f7144000000-7f7144021000 rw-p 00000000 00:00 0 
7f7144021000-7f7148000000 ---p 00000000 00:00 0 
7f7148000000-7f7148021000 rw-p 00000000 00:00 0 
7f7148021000-7f714c000000 ---p 00000000 00:00 0 
7f714c000000-7f714c021000 rw-p 00000000 00:00 0 
7f714c021000-7f7150000000 ---p 00000000 00:00 0 
7f7150000000-7f7150021000 rw-p 00000000 00:00 0 
7f7150021000-7f7154000000 ---p 00000000 00:00 0 
7f7154000000-7f7154021000 rw-p 00000000 00:00 0 
7f7154021000-7f7158000000 ---p 00000000 00:00 0 
7f7158000000-7f7158640000 rw-p 00000000 00:00 0 
7f7158640000-7f715c000000 ---p 00000000 00:00 0 
7f715c000000-7f715c021000 rw-p 00000000 00:00 0 
7f715c021000-7f7160000000 ---p 00000000 00:00 0 
7f7160000000-7f716004e000 rw-p 00000000 00:00 0 
7f716004e000-7f7164000000 ---p 00000000 00:00 0 
7f7164000000-7f7164021000 rw-p 00000000 00:00 0 
7f7164021000-7f7168000000 ---p 00000000 00:00 0 
7f7168000000-7f7168021000 rw-p 00000000 00:00 0 
7f7168021000-7f716c000000 ---p 00000000 00:00 0 
7f716c000000-7f716c021000 rw-p 00000000 00:00 0 
7f716c021000-7f7170000000 ---p 00000000 00:00 0 
7f7170000000-7f717004a000 rw-p 00000000 00:00 0 
7f717004a000-7f7174000000 ---p 00000000 00:00 0 
7f7174000000-7f7174021000 rw-p 00000000 00:00 0 
7f7174021000-7f7178000000 ---p 00000000 00:00 0 
7f7178069000-7f717806a000 r--p 00000000 08:01 8394596                    /usr/lib/libnss_dns-2.28.so
7f717806a000-7f717806e000 r-xp 00001000 08:01 8394596                    /usr/lib/libnss_dns-2.28.so
7f717806e000-7f717806f000 r--p 00005000 08:01 8394596                    /usr/lib/libnss_dns-2.28.so
7f717806f000-7f7178070000 r--p 00005000 08:01 8394596                    /usr/lib/libnss_dns-2.28.so
7f7178070000-7f7178071000 rw-p 00006000 08:01 8394596                    /usr/lib/libnss_dns-2.28.so
7f7178071000-7f7178077000 r--p 00000000 08:01 8393090                    /usr/lib/libnss_resolve.so.2
7f7178077000-7f71780a2000 r-xp 00006000 08:01 8393090                    /usr/lib/libnss_resolve.so.2
7f71780a2000-7f71780b0000 r--p 00031000 08:01 8393090                    /usr/lib/libnss_resolve.so.2
7f71780b0000-7f71780b3000 r--p 0003e000 08:01 8393090                    /usr/lib/libnss_resolve.so.2
7f71780b3000-7f71780b4000 rw-p 00041000 08:01 8393090                    /usr/lib/libnss_resolve.so.2
7f71780b4000-7f71780b5000 rw-p 00000000 00:00 0 
7f71780b5000-7f71780bb000 r--p 00000000 08:01 8393077                    /usr/lib/libnss_mymachines.so.2
7f71780bb000-7f71780e6000 r-xp 00006000 08:01 8393077                    /usr/lib/libnss_mymachines.so.2
7f71780e6000-7f71780f5000 r--p 00031000 08:01 8393077                    /usr/lib/libnss_mymachines.so.2
7f71780f5000-7f71780f8000 r--p 0003f000 08:01 8393077                    /usr/lib/libnss_mymachines.so.2
7f71780f8000-7f71780f9000 rw-p 00042000 08:01 8393077                    /usr/lib/libnss_mymachines.so.2
7f71780f9000-7f71780fa000 rw-p 00000000 00:00 0 
7f71780fa000-7f71780fd000 ---p 00000000 00:00 0 
7f71780fd000-7f71783fb000 rw-p 00000000 00:00 0 
7f71783fb000-7f71785fb000 rw-p 00000000 00:00 0 
7f71785fb000-7f71787fb000 rw-p 00000000 00:00 0 
7f71787fb000-7f71787fe000 ---p 00000000 00:00 0 
7f71787fe000-7f7178afc000 rw-p 00000000 00:00 0 
7f7178afc000-7f7178aff000 ---p 00000000 00:00 0 
7f7178aff000-7f7178bfd000 rw-p 00000000 00:00 0 
7f7178bfd000-7f7178c00000 ---p 00000000 00:00 0 
7f7178c00000-7f7178efe000 rw-p 00000000 00:00 0 
7f7178efe000-7f7178f01000 ---p 00000000 00:00 0 
7f7178f01000-7f717c000000 rw-p 00000000 00:00 0 
7f717c000000-7f717c021000 rw-p 00000000 00:00 0 
7f717c021000-7f7180000000 ---p 00000000 00:00 0 
7f7180007000-7f718000b000 r--p 00000000 08:01 8394647                    /usr/lib/libresolv-2.28.so
7f718000b000-7f7180017000 r-xp 00004000 08:01 8394647                    /usr/lib/libresolv-2.28.so
7f7180017000-7f718001b000 r--p 00010000 08:01 8394647                    /usr/lib/libresolv-2.28.so
7f718001b000-7f718001c000 ---p 00014000 08:01 8394647                    /usr/lib/libresolv-2.28.so
7f718001c000-7f718001d000 r--p 00014000 08:01 8394647                    /usr/lib/libresolv-2.28.so
7f718001d000-7f718001e000 rw-p 00015000 08:01 8394647                    /usr/lib/libresolv-2.28.so
7f718001e000-7f7180020000 rw-p 00000000 00:00 0 
7f7180020000-7f7180021000 r--p 00000000 08:01 8398081                    /usr/lib/libnss_mdns4_minimal.so.2
7f7180021000-7f7180023000 r-xp 00001000 08:01 8398081                    /usr/lib/libnss_mdns4_minimal.so.2
7f7180023000-7f7180024000 r--p 00003000 08:01 8398081                    /usr/lib/libnss_mdns4_minimal.so.2
7f7180024000-7f7180025000 r--p 00003000 08:01 8398081                    /usr/lib/libnss_mdns4_minimal.so.2
7f7180025000-7f7180026000 rw-p 00004000 08:01 8398081                    /usr/lib/libnss_mdns4_minimal.so.2
7f7180026000-7f7180029000 r--p 00000000 08:01 8392820                    /usr/lib/libgcc_s.so.1
7f7180029000-7f718003a000 r-xp 00003000 08:01 8392820                    /usr/lib/libgcc_s.so.1
7f718003a000-7f718003d000 r--p 00014000 08:01 8392820                    /usr/lib/libgcc_s.so.1
7f718003d000-7f718003e000 ---p 00017000 08:01 8392820                    /usr/lib/libgcc_s.so.1
7f718003e000-7f718003f000 r--p 00017000 08:01 8392820                    /usr/lib/libgcc_s.so.1
7f718003f000-7f7180040000 rw-p 00018000 08:01 8392820                    /usr/lib/libgcc_s.so.1
7f718006f000-7f7180075000 r--s 0003b000 08:01 9311522                    /usr/lib/jvm/java-8-openjdk/jre/lib/ext/sunjce_provider.jar
7f7180075000-7f718007e000 r--p 00000000 08:01 9311503                    /usr/lib/jvm/java-8-openjdk/jre/lib/amd64/libsunec.so
7f718007e000-7f71800a2000 r-xp 00009000 08:01 9311503                    /usr/lib/jvm/java-8-openjdk/jre/lib/amd64/libsunec.so
7f71800a2000-7f71800ae000 r--p 0002d000 08:01 9311503                    /usr/lib/jvm/java-8-openjdk/jre/lib/amd64/libsunec.so
7f71800ae000-7f71800af000 ---p 00039000 08:01 9311503                    /usr/lib/jvm/java-8-openjdk/jre/lib/amd64/libsunec.so
7f71800af000-7f71800b4000 r--p 00039000 08:01 9311503                    /usr/lib/jvm/java-8-openjdk/jre/lib/amd64/libsunec.so
7f71800b4000-7f71800b5000 rw-p 0003e000 08:01 9311503                    /usr/lib/jvm/java-8-openjdk/jre/lib/amd64/libsunec.so
7f71800b5000-7f71800b7000 r--s 00008000 08:01 9311521                    /usr/lib/jvm/java-8-openjdk/jre/lib/ext/sunec.jar
7f71800b7000-7f71800b9000 r--s 00016000 08:01 9311445                    /usr/lib/jvm/java-8-openjdk/jre/lib/jce.jar
7f71800b9000-7f71800be000 r--s 002f9000 08:01 9311440                    /usr/lib/jvm/java-8-openjdk/jre/lib/charsets.jar
7f71800be000-7f71800e4000 r--p 00000000 08:01 8916024                    /usr/share/locale/pt_BR/LC_MESSAGES/libc.mo
7f71800e4000-7f71800e5000 ---p 00000000 00:00 0 
7f71800e5000-7f71801e5000 rw-p 00000000 00:00 0 
7f71801e5000-7f71801e8000 ---p 00000000 00:00 0 
7f71801e8000-7f71802e6000 rw-p 00000000 00:00 0 
7f71802e6000-7f7180302000 r--s 00393000 08:01 9311515                    /usr/lib/jvm/java-8-openjdk/jre/lib/ext/cldrdata.jar
7f7180302000-7f7180305000 ---p 00000000 00:00 0 
7f7180305000-7f7180403000 rw-p 00000000 00:00 0 
7f7180403000-7f7180406000 ---p 00000000 00:00 0 
7f7180406000-7f7180504000 rw-p 00000000 00:00 0 
7f7180504000-7f7180507000 ---p 00000000 00:00 0 
7f7180507000-7f7180605000 rw-p 00000000 00:00 0 
7f7180605000-7f718060f000 r--s 00116000 08:01 9311518                    /usr/lib/jvm/java-8-openjdk/jre/lib/ext/localedata.jar
7f718060f000-7f7180612000 ---p 00000000 00:00 0 
7f7180612000-7f7180710000 rw-p 00000000 00:00 0 
7f7180710000-7f7180713000 ---p 00000000 00:00 0 
7f7180713000-7f7180811000 rw-p 00000000 00:00 0 
7f7180811000-7f7180816000 r--s 0009d000 08:01 9311447                    /usr/lib/jvm/java-8-openjdk/jre/lib/jsse.jar
7f7180816000-7f718081a000 r--s 00018000 08:01 16646492                   /home/rayc/.m2/repository/io/jsonwebtoken/jjwt/0.7.0/jjwt-0.7.0.jar
7f718081a000-7f718081c000 r--s 00000000 08:01 16519709                   /home/rayc/.m2/repository/aopalliance/aopalliance/1.0/aopalliance-1.0.jar
7f718081c000-7f7180829000 r--s 0005a000 08:01 16519643                   /home/rayc/.m2/repository/org/springframework/security/spring-security-core/4.2.8.RELEASE/spring-security-core-4.2.8.RELEASE.jar
7f7180829000-7f7180840000 r--s 000fe000 08:01 16519628                   /home/rayc/.m2/repository/org/springframework/spring-core/4.3.20.BUILD-SNAPSHOT/spring-core-4.3.20.BUILD-SNAPSHOT.jar
7f7180840000-7f7180860000 r--s 000e7000 08:01 16519612                   /home/rayc/.m2/repository/org/springframework/boot/spring-boot-autoconfigure/1.5.17.BUILD-SNAPSHOT/spring-boot-autoconfigure-1.5.17.BUILD-SNAPSHOT.jar
7f7180860000-7f7180870000 r--s 00098000 08:01 16519611                   /home/rayc/.m2/repository/org/springframework/boot/spring-boot/1.5.17.BUILD-SNAPSHOT/spring-boot-1.5.17.BUILD-SNAPSHOT.jar
7f7180870000-7f7180876000 r--s 00030000 08:01 16519610                   /home/rayc/.m2/repository/org/springframework/boot/spring-boot-devtools/1.5.17.BUILD-SNAPSHOT/spring-boot-devtools-1.5.17.BUILD-SNAPSHOT.jar
7f7180876000-7f7180881000 r--s 00054000 08:01 16519639                   /home/rayc/.m2/repository/org/springframework/security/spring-security-web/4.2.8.RELEASE/spring-security-web-4.2.8.RELEASE.jar
7f7180881000-7f718088a000 r--s 00087000 08:01 16519637                   /home/rayc/.m2/repository/org/springframework/security/spring-security-config/4.2.8.RELEASE/spring-security-config-4.2.8.RELEASE.jar
7f718088a000-7f7180893000 r--s 00054000 08:01 16519607                   /home/rayc/.m2/repository/org/springframework/spring-aop/4.3.20.BUILD-SNAPSHOT/spring-aop-4.3.20.BUILD-SNAPSHOT.jar
7f7180893000-7f7180894000 r--s 00000000 08:01 16519606                   /home/rayc/.m2/repository/org/springframework/boot/spring-boot-starter-security/1.5.17.BUILD-SNAPSHOT/spring-boot-starter-security-1.5.17.BUILD-SNAPSHOT.jar
7f7180894000-7f7180896000 r--s 00002000 08:01 16519683                   /home/rayc/.m2/repository/org/atteo/evo-inflector/1.2.2/evo-inflector-1.2.2.jar
7f7180896000-7f7180897000 r--s 00004000 08:01 16519635                   /home/rayc/.m2/repository/org/springframework/plugin/spring-plugin-core/1.2.0.RELEASE/spring-plugin-core-1.2.0.RELEASE.jar
7f7180897000-7f718089c000 r--s 0002d000 08:01 16519633                   /home/rayc/.m2/repository/org/springframework/hateoas/spring-hateoas/0.23.0.RELEASE/spring-hateoas-0.23.0.RELEASE.jar
7f718089c000-7f71808a0000 r--s 0001c000 08:01 16519602                   /home/rayc/.m2/repository/org/springframework/data/spring-data-rest-core/2.6.16.BUILD-SNAPSHOT/spring-data-rest-core-2.6.16.BUILD-SNAPSHOT.jar
7f71808a0000-7f71808a7000 r--s 00048000 08:01 16519601                   /home/rayc/.m2/repository/org/springframework/data/spring-data-rest-webmvc/2.6.16.BUILD-SNAPSHOT/spring-data-rest-webmvc-2.6.16.BUILD-SNAPSHOT.jar
7f71808a7000-7f71808ab000 r--s 00042000 08:01 16519681                   /home/rayc/.m2/repository/com/fasterxml/jackson/core/jackson-core/2.8.11/jackson-core-2.8.11.jar
7f71808ab000-7f71808bd000 r--s 0011f000 08:01 16262032                   /home/rayc/.m2/repository/com/fasterxml/jackson/core/jackson-databind/2.8.11.2/jackson-databind-2.8.11.2.jar
7f71808bd000-7f71808c0000 r--s 0000b000 08:01 16519679                   /home/rayc/.m2/repository/com/fasterxml/jackson/core/jackson-annotations/2.8.0/jackson-annotations-2.8.0.jar
7f71808c0000-7f71808d1000 r--s 000d0000 08:01 16519598                   /home/rayc/.m2/repository/org/springframework/spring-webmvc/4.3.20.BUILD-SNAPSHOT/spring-webmvc-4.3.20.BUILD-SNAPSHOT.jar
7f71808d1000-7f71808e3000 r--s 000b9000 08:01 16519597                   /home/rayc/.m2/repository/org/springframework/spring-web/4.3.20.BUILD-SNAPSHOT/spring-web-4.3.20.BUILD-SNAPSHOT.jar
7f71808e3000-7f71808e5000 r--s 0000e000 08:01 15863021                   /home/rayc/.m2/repository/com/fasterxml/classmate/1.3.4/classmate-1.3.4.jar
7f71808e5000-7f71808e7000 r--s 0000f000 08:01 16519677                   /home/rayc/.m2/repository/org/jboss/logging/jboss-logging/3.3.2.Final/jboss-logging-3.3.2.Final.jar
7f71808e7000-7f71808eb000 r--s 0000c000 08:01 16519675                   /home/rayc/.m2/repository/javax/validation/validation-api/1.1.0.Final/validation-api-1.1.0.Final.jar
7f71808eb000-7f71808fc000 r--s 000a1000 08:01 16519673                   /home/rayc/.m2/repository/org/hibernate/hibernate-validator/5.3.6.Final/hibernate-validator-5.3.6.Final.jar
7f71808fc000-7f7180901000 r--s 0003a000 08:01 16519671                   /home/rayc/.m2/repository/org/apache/tomcat/embed/tomcat-embed-websocket/8.5.34/tomcat-embed-websocket-8.5.34.jar
7f7180901000-7f7180906000 r--s 00038000 08:01 16519669                   /home/rayc/.m2/repository/org/apache/tomcat/embed/tomcat-embed-el/8.5.34/tomcat-embed-el-8.5.34.jar
7f7180906000-7f7180908000 r--s 00002000 08:01 16519667                   /home/rayc/.m2/repository/org/apache/tomcat/tomcat-annotations-api/8.5.34/tomcat-annotations-api-8.5.34.jar
7f7180908000-7f7180932000 r--s 002d5000 08:01 16519665                   /home/rayc/.m2/repository/org/apache/tomcat/embed/tomcat-embed-core/8.5.34/tomcat-embed-core-8.5.34.jar
7f7180932000-7f7180933000 r--s 00000000 08:01 16519589                   /home/rayc/.m2/repository/org/springframework/boot/spring-boot-starter-tomcat/1.5.17.BUILD-SNAPSHOT/spring-boot-starter-tomcat-1.5.17.BUILD-SNAPSHOT.jar
7f7180933000-7f7180934000 r--s 00000000 08:01 16519588                   /home/rayc/.m2/repository/org/springframework/boot/spring-boot-starter-web/1.5.17.BUILD-SNAPSHOT/spring-boot-starter-web-1.5.17.BUILD-SNAPSHOT.jar
7f7180934000-7f7180947000 r--s 000b3000 08:01 16519584                   /home/rayc/.m2/repository/org/springframework/data/spring-data-commons/1.13.16.BUILD-SNAPSHOT/spring-data-commons-1.13.16.BUILD-SNAPSHOT.jar
7f7180947000-7f718094d000 r--s 0003e000 08:01 16519583                   /home/rayc/.m2/repository/org/springframework/spring-expression/4.3.20.BUILD-SNAPSHOT/spring-expression-4.3.20.BUILD-SNAPSHOT.jar
7f718094d000-7f718095b000 r--s 000ad000 08:01 16519582                   /home/rayc/.m2/repository/org/springframework/spring-beans/4.3.20.BUILD-SNAPSHOT/spring-beans-4.3.20.BUILD-SNAPSHOT.jar
7f718095b000-7f7180974000 r--s 000fe000 08:01 16519581                   /home/rayc/.m2/repository/org/springframework/spring-context/4.3.20.BUILD-SNAPSHOT/spring-context-4.3.20.BUILD-SNAPSHOT.jar
7f7180974000-7f718097c000 r--s 0003a000 08:01 16519580                   /home/rayc/.m2/repository/org/springframework/spring-tx/4.3.20.BUILD-SNAPSHOT/spring-tx-4.3.20.BUILD-SNAPSHOT.jar
7f718097c000-7f7180995000 r--s 000e7000 08:01 16519579                   /home/rayc/.m2/repository/org/springframework/data/spring-data-mongodb/1.10.16.BUILD-SNAPSHOT/spring-data-mongodb-1.10.16.BUILD-SNAPSHOT.jar
7f7180995000-7f718099a000 r--s 00037000 08:01 16519659                   /home/rayc/.m2/repository/org/mongodb/bson/3.4.3/bson-3.4.3.jar
7f718099a000-7f71809af000 r--s 000ef000 08:01 16519657                   /home/rayc/.m2/repository/org/mongodb/mongodb-driver-core/3.4.3/mongodb-driver-core-3.4.3.jar
7f71809af000-7f71809b5000 r--s 00054000 08:01 16519655                   /home/rayc/.m2/repository/org/mongodb/mongodb-driver/3.4.3/mongodb-driver-3.4.3.jar
7f71809b5000-7f71809bb000 r--s 0003d000 08:01 16519653                   /home/rayc/.m2/repository/org/yaml/snakeyaml/1.17/snakeyaml-1.17.jar
7f71809bb000-7f71809c6000 r--s 0006a000 08:01 16519647                   /home/rayc/.m2/repository/ch/qos/logback/logback-core/1.1.11/logback-core-1.1.11.jar
7f71809c6000-7f71809cd000 r--p 00000000 08:01 9311498                    /usr/lib/jvm/java-8-openjdk/jre/lib/amd64/libnio.so
7f71809cd000-7f71809d5000 r-xp 00007000 08:01 9311498                    /usr/lib/jvm/java-8-openjdk/jre/lib/amd64/libnio.so
7f71809d5000-7f71809d8000 r--p 0000f000 08:01 9311498                    /usr/lib/jvm/java-8-openjdk/jre/lib/amd64/libnio.so
7f71809d8000-7f71809d9000 ---p 00012000 08:01 9311498                    /usr/lib/jvm/java-8-openjdk/jre/lib/amd64/libnio.so
7f71809d9000-7f71809da000 r--p 00012000 08:01 9311498                    /usr/lib/jvm/java-8-openjdk/jre/lib/amd64/libnio.so
7f71809da000-7f71809db000 rw-p 00013000 08:01 9311498                    /usr/lib/jvm/java-8-openjdk/jre/lib/amd64/libnio.so
7f71809db000-7f71809e0000 r--p 00000000 08:01 9311497                    /usr/lib/jvm/java-8-openjdk/jre/lib/amd64/libnet.so
7f71809e0000-7f71809ef000 r-xp 00005000 08:01 9311497                    /usr/lib/jvm/java-8-openjdk/jre/lib/amd64/libnet.so
7f71809ef000-7f71809f3000 r--p 00014000 08:01 9311497                    /usr/lib/jvm/java-8-openjdk/jre/lib/amd64/libnet.so
7f71809f3000-7f71809f4000 r--p 00017000 08:01 9311497                    /usr/lib/jvm/java-8-openjdk/jre/lib/amd64/libnet.so
7f71809f4000-7f71809f5000 rw-p 00018000 08:01 9311497                    /usr/lib/jvm/java-8-openjdk/jre/lib/amd64/libnet.so
7f71809f5000-7f71809f8000 ---p 00000000 00:00 0 
7f71809f8000-7f7180af6000 rw-p 00000000 00:00 0 
7f7180af6000-7f7180af7000 ---p 00000000 00:00 0 
7f7180af7000-7f7180afa000 ---p 00000000 00:00 0 
7f7180afa000-7f7180bf7000 rw-p 00000000 00:00 0 
7f7180bf7000-7f7180bf8000 ---p 00000000 00:00 0 
7f7180bf8000-7f7180bfb000 ---p 00000000 00:00 0 
7f7180bfb000-7f7180cf8000 rw-p 00000000 00:00 0 
7f7180cf8000-7f7180cf9000 ---p 00000000 00:00 0 
7f7180cf9000-7f7180cfc000 ---p 00000000 00:00 0 
7f7180cfc000-7f7180df9000 rw-p 00000000 00:00 0 
7f7180df9000-7f7180dfc000 ---p 00000000 00:00 0 
7f7180dfc000-7f7180efa000 rw-p 00000000 00:00 0 
7f7180efa000-7f71811e0000 r--p 00000000 08:01 8403671                    /usr/lib/locale/locale-archive
7f71811e0000-7f71811e3000 ---p 00000000 00:00 0 
7f71811e3000-7f71812e1000 rw-p 00000000 00:00 0 
7f71812e1000-7f71812e4000 ---p 00000000 00:00 0 
7f71812e4000-7f71813e2000 rw-p 00000000 00:00 0 
7f71813e2000-7f71813e3000 ---p 00000000 00:00 0 
7f71813e3000-7f7184000000 rw-p 00000000 00:00 0 
7f7184000000-7f7184021000 rw-p 00000000 00:00 0 
7f7184021000-7f7188000000 ---p 00000000 00:00 0 
7f7188000000-7f7188002000 r--s 00003000 08:01 16519663                   /home/rayc/.m2/repository/org/slf4j/jcl-over-slf4j/1.7.25/jcl-over-slf4j-1.7.25.jar
7f7188002000-7f7188004000 r--s 00009000 08:01 16519661                   /home/rayc/.m2/repository/org/slf4j/slf4j-api/1.7.25/slf4j-api-1.7.25.jar
7f7188004000-7f71882d8000 rw-p 00000000 00:00 0 
7f71882d8000-7f71884a8000 r--s 03c31000 08:01 9311452                    /usr/lib/jvm/java-8-openjdk/jre/lib/rt.jar
7f71884a8000-7f7188eff000 rw-p 00000000 00:00 0 
7f7188eff000-7f7188f00000 ---p 00000000 00:00 0 
7f7188f00000-7f7189000000 rw-p 00000000 00:00 0 
7f7189000000-7f7189780000 rwxp 00000000 00:00 0 
7f7189780000-7f7198000000 ---p 00000000 00:00 0 
7f7198000000-7f7198718000 rw-p 00000000 00:00 0 
7f7198718000-7f719c000000 ---p 00000000 00:00 0 
7f719c000000-7f719c001000 r--s 00000000 08:01 16519587                   /home/rayc/.m2/repository/org/springframework/boot/spring-boot-starter-data-rest/1.5.17.BUILD-SNAPSHOT/spring-boot-starter-data-rest-1.5.17.BUILD-SNAPSHOT.jar
7f719c001000-7f719c003000 r--s 00004000 08:01 16519651                   /home/rayc/.m2/repository/org/slf4j/log4j-over-slf4j/1.7.25/log4j-over-slf4j-1.7.25.jar
7f719c003000-7f719c00a000 r--s 00045000 08:01 16519645                   /home/rayc/.m2/repository/ch/qos/logback/logback-classic/1.1.11/logback-classic-1.1.11.jar
7f719c00a000-7f719c00e000 r--p 00000000 08:01 9311495                    /usr/lib/jvm/java-8-openjdk/jre/lib/amd64/libmanagement.so
7f719c00e000-7f719c011000 r-xp 00004000 08:01 9311495                    /usr/lib/jvm/java-8-openjdk/jre/lib/amd64/libmanagement.so
7f719c011000-7f719c013000 r--p 00007000 08:01 9311495                    /usr/lib/jvm/java-8-openjdk/jre/lib/amd64/libmanagement.so
7f719c013000-7f719c014000 r--p 00008000 08:01 9311495                    /usr/lib/jvm/java-8-openjdk/jre/lib/amd64/libmanagement.so
7f719c014000-7f719c015000 rw-p 00009000 08:01 9311495                    /usr/lib/jvm/java-8-openjdk/jre/lib/amd64/libmanagement.so
7f719c015000-7f719c0cc000 rw-p 00000000 00:00 0 
7f719c0cc000-7f719c0cd000 ---p 00000000 00:00 0 
7f719c0cd000-7f719c1cd000 rw-p 00000000 00:00 0 
7f719c1cd000-7f719c1ce000 ---p 00000000 00:00 0 
7f719c1ce000-7f719c2ce000 rw-p 00000000 00:00 0 
7f719c2ce000-7f719c2cf000 ---p 00000000 00:00 0 
7f719c2cf000-7f719c3df000 rw-p 00000000 00:00 0 
7f719c3df000-7f719c510000 ---p 00000000 00:00 0 
7f719c510000-7f719c520000 rw-p 00000000 00:00 0 
7f719c520000-7f719c650000 ---p 00000000 00:00 0 
7f719c650000-7f719c68f000 rw-p 00000000 00:00 0 
7f719c68f000-7f719c6f1000 ---p 00000000 00:00 0 
7f719c6f1000-7f719c710000 rw-p 00000000 00:00 0 
7f719c710000-7f719cab2000 ---p 00000000 00:00 0 
7f719cab2000-7f719cab5000 r--p 00000000 08:01 9311506                    /usr/lib/jvm/java-8-openjdk/jre/lib/amd64/libzip.so
7f719cab5000-7f719cab9000 r-xp 00003000 08:01 9311506                    /usr/lib/jvm/java-8-openjdk/jre/lib/amd64/libzip.so
7f719cab9000-7f719cabb000 r--p 00007000 08:01 9311506                    /usr/lib/jvm/java-8-openjdk/jre/lib/amd64/libzip.so
7f719cabb000-7f719cabc000 r--p 00008000 08:01 9311506                    /usr/lib/jvm/java-8-openjdk/jre/lib/amd64/libzip.so
7f719cabc000-7f719cabd000 rw-p 00009000 08:01 9311506                    /usr/lib/jvm/java-8-openjdk/jre/lib/amd64/libzip.so
7f719cabd000-7f719caca000 r--p 00000000 08:01 9311485                    /usr/lib/jvm/java-8-openjdk/jre/lib/amd64/libjava.so
7f719caca000-7f719cae3000 r-xp 0000d000 08:01 9311485                    /usr/lib/jvm/java-8-openjdk/jre/lib/amd64/libjava.so
7f719cae3000-7f719caea000 r--p 00026000 08:01 9311485                    /usr/lib/jvm/java-8-openjdk/jre/lib/amd64/libjava.so
7f719caea000-7f719caeb000 ---p 0002d000 08:01 9311485                    /usr/lib/jvm/java-8-openjdk/jre/lib/amd64/libjava.so
7f719caeb000-7f719caec000 r--p 0002d000 08:01 9311485                    /usr/lib/jvm/java-8-openjdk/jre/lib/amd64/libjava.so
7f719caec000-7f719caed000 rw-p 0002e000 08:01 9311485                    /usr/lib/jvm/java-8-openjdk/jre/lib/amd64/libjava.so
7f719caed000-7f719caee000 rw-p 00000000 00:00 0 
7f719caee000-7f719caf0000 r--p 00000000 08:01 8394649                    /usr/lib/librt-2.28.so
7f719caf0000-7f719caf4000 r-xp 00002000 08:01 8394649                    /usr/lib/librt-2.28.so
7f719caf4000-7f719caf6000 r--p 00006000 08:01 8394649                    /usr/lib/librt-2.28.so
7f719caf6000-7f719caf7000 r--p 00007000 08:01 8394649                    /usr/lib/librt-2.28.so
7f719caf7000-7f719caf8000 rw-p 00008000 08:01 8394649                    /usr/lib/librt-2.28.so
7f719caf8000-7f719caf9000 ---p 00000000 00:00 0 
7f719caf9000-7f719cafc000 ---p 00000000 00:00 0 
7f719cafc000-7f719cbf9000 rw-p 00000000 00:00 0 
7f719cbf9000-7f719cc06000 r--p 00000000 08:01 8394553                    /usr/lib/libm-2.28.so
7f719cc06000-7f719cca7000 r-xp 0000d000 08:01 8394553                    /usr/lib/libm-2.28.so
7f719cca7000-7f719cd7c000 r--p 000ae000 08:01 8394553                    /usr/lib/libm-2.28.so
7f719cd7c000-7f719cd7d000 r--p 00182000 08:01 8394553                    /usr/lib/libm-2.28.so
7f719cd7d000-7f719cd7e000 rw-p 00183000 08:01 8394553                    /usr/lib/libm-2.28.so
7f719cd7e000-7f719cf6e000 r--p 00000000 08:01 9311509                    /usr/lib/jvm/java-8-openjdk/jre/lib/amd64/server/libjvm.so
7f719cf6e000-7f719d7db000 r-xp 001f0000 08:01 9311509                    /usr/lib/jvm/java-8-openjdk/jre/lib/amd64/server/libjvm.so
7f719d7db000-7f719d979000 r--p 00a5d000 08:01 9311509                    /usr/lib/jvm/java-8-openjdk/jre/lib/amd64/server/libjvm.so
7f719d979000-7f719d97a000 ---p 00bfb000 08:01 9311509                    /usr/lib/jvm/java-8-openjdk/jre/lib/amd64/server/libjvm.so
7f719d97a000-7f719da0f000 r--p 00bfb000 08:01 9311509                    /usr/lib/jvm/java-8-openjdk/jre/lib/amd64/server/libjvm.so
7f719da0f000-7f719da37000 rw-p 00c90000 08:01 9311509                    /usr/lib/jvm/java-8-openjdk/jre/lib/amd64/server/libjvm.so
7f719da37000-7f719da69000 rw-p 00000000 00:00 0 
7f719da69000-7f719da6f000 r--p 00000000 08:01 8394638                    /usr/lib/libpthread-2.28.so
7f719da6f000-7f719da7e000 r-xp 00006000 08:01 8394638                    /usr/lib/libpthread-2.28.so
7f719da7e000-7f719da84000 r--p 00015000 08:01 8394638                    /usr/lib/libpthread-2.28.so
7f719da84000-7f719da85000 r--p 0001a000 08:01 8394638                    /usr/lib/libpthread-2.28.so
7f719da85000-7f719da86000 rw-p 0001b000 08:01 8394638                    /usr/lib/libpthread-2.28.so
7f719da86000-7f719da8a000 rw-p 00000000 00:00 0 
7f719da8a000-7f719da8b000 r--p 00000000 08:01 8394448                    /usr/lib/libdl-2.28.so
7f719da8b000-7f719da8c000 r-xp 00001000 08:01 8394448                    /usr/lib/libdl-2.28.so
7f719da8c000-7f719da8d000 r--p 00002000 08:01 8394448                    /usr/lib/libdl-2.28.so
7f719da8d000-7f719da8e000 r--p 00002000 08:01 8394448                    /usr/lib/libdl-2.28.so
7f719da8e000-7f719da8f000 rw-p 00003000 08:01 8394448                    /usr/lib/libdl-2.28.so
7f719da8f000-7f719daa5000 r-xp 00000000 08:01 8394725                    /usr/lib/libz.so.1.2.11
7f719daa5000-7f719dca4000 ---p 00016000 08:01 8394725                    /usr/lib/libz.so.1.2.11
7f719dca4000-7f719dca5000 r--p 00015000 08:01 8394725                    /usr/lib/libz.so.1.2.11
7f719dca5000-7f719dca6000 rw-p 00016000 08:01 8394725                    /usr/lib/libz.so.1.2.11
7f719dca6000-7f719dcc8000 r--p 00000000 08:01 8394423                    /usr/lib/libc-2.28.so
7f719dcc8000-7f719de13000 r-xp 00022000 08:01 8394423                    /usr/lib/libc-2.28.so
7f719de13000-7f719de5f000 r--p 0016d000 08:01 8394423                    /usr/lib/libc-2.28.so
7f719de5f000-7f719de60000 ---p 001b9000 08:01 8394423                    /usr/lib/libc-2.28.so
7f719de60000-7f719de64000 r--p 001b9000 08:01 8394423                    /usr/lib/libc-2.28.so
7f719de64000-7f719de66000 rw-p 001bd000 08:01 8394423                    /usr/lib/libc-2.28.so
7f719de66000-7f719de6a000 rw-p 00000000 00:00 0 
7f719de6a000-7f719de6c000 r--s 00000000 08:01 16519649                   /home/rayc/.m2/repository/org/slf4j/jul-to-slf4j/1.7.25/jul-to-slf4j-1.7.25.jar
7f719de6c000-7f719de6d000 r--s 00000000 08:01 16519570                   /home/rayc/.m2/repository/org/springframework/boot/spring-boot-starter-logging/1.5.17.BUILD-SNAPSHOT/spring-boot-starter-logging-1.5.17.BUILD-SNAPSHOT.jar
7f719de6d000-7f719de6e000 r--s 00000000 08:01 16519569                   /home/rayc/.m2/repository/org/springframework/boot/spring-boot-starter/1.5.17.BUILD-SNAPSHOT/spring-boot-starter-1.5.17.BUILD-SNAPSHOT.jar
7f719de6e000-7f719de6f000 r--s 00000000 08:01 16519568                   /home/rayc/.m2/repository/org/springframework/boot/spring-boot-starter-data-mongodb/1.5.17.BUILD-SNAPSHOT/spring-boot-starter-data-mongodb-1.5.17.BUILD-SNAPSHOT.jar
7f719de6f000-7f719de77000 rw-s 00000000 00:28 135                        /tmp/hsperfdata_rayc/17970
7f719de77000-7f719de7a000 r--p 00000000 08:01 8394597                    /usr/lib/libnss_files-2.28.so
7f719de7a000-7f719de81000 r-xp 00003000 08:01 8394597                    /usr/lib/libnss_files-2.28.so
7f719de81000-7f719de84000 r--p 0000a000 08:01 8394597                    /usr/lib/libnss_files-2.28.so
7f719de84000-7f719de85000 r--p 0000c000 08:01 8394597                    /usr/lib/libnss_files-2.28.so
7f719de85000-7f719de86000 rw-p 0000d000 08:01 8394597                    /usr/lib/libnss_files-2.28.so
7f719de86000-7f719de8d000 rw-p 00000000 00:00 0 
7f719de8d000-7f719de8e000 ---p 00000000 00:00 0 
7f719de8e000-7f719de93000 r--p 00000000 08:01 9311505                    /usr/lib/jvm/java-8-openjdk/jre/lib/amd64/libverify.so
7f719de93000-7f719de9a000 r-xp 00005000 08:01 9311505                    /usr/lib/jvm/java-8-openjdk/jre/lib/amd64/libverify.so
7f719de9a000-7f719de9c000 r--p 0000c000 08:01 9311505                    /usr/lib/jvm/java-8-openjdk/jre/lib/amd64/libverify.so
7f719de9c000-7f719de9e000 r--p 0000d000 08:01 9311505                    /usr/lib/jvm/java-8-openjdk/jre/lib/amd64/libverify.so
7f719de9e000-7f719de9f000 rw-p 0000f000 08:01 9311505                    /usr/lib/jvm/java-8-openjdk/jre/lib/amd64/libverify.so
7f719de9f000-7f719dea1000 r--p 00000000 08:01 9311507                    /usr/lib/jvm/java-8-openjdk/jre/lib/amd64/jli/libjli.so
7f719dea1000-7f719deaa000 r-xp 00002000 08:01 9311507                    /usr/lib/jvm/java-8-openjdk/jre/lib/amd64/jli/libjli.so
7f719deaa000-7f719dead000 r--p 0000b000 08:01 9311507                    /usr/lib/jvm/java-8-openjdk/jre/lib/amd64/jli/libjli.so
7f719dead000-7f719deae000 r--p 0000d000 08:01 9311507                    /usr/lib/jvm/java-8-openjdk/jre/lib/amd64/jli/libjli.so
7f719deae000-7f719deaf000 rw-p 0000e000 08:01 9311507                    /usr/lib/jvm/java-8-openjdk/jre/lib/amd64/jli/libjli.so
7f719deaf000-7f719deb1000 rw-p 00000000 00:00 0 
7f719deb1000-7f719deb3000 r--p 00000000 08:01 8394380                    /usr/lib/ld-2.28.so
7f719deb3000-7f719ded2000 r-xp 00002000 08:01 8394380                    /usr/lib/ld-2.28.so
7f719ded2000-7f719deda000 r--p 00021000 08:01 8394380                    /usr/lib/ld-2.28.so
7f719deda000-7f719dedb000 r--p 00028000 08:01 8394380                    /usr/lib/ld-2.28.so
7f719dedb000-7f719dedc000 rw-p 00029000 08:01 8394380                    /usr/lib/ld-2.28.so
7f719dedc000-7f719dedd000 rw-p 00000000 00:00 0 
7fffd454e000-7fffd4570000 rw-p 00000000 00:00 0                          [stack]
7fffd45ef000-7fffd45f2000 r--p 00000000 00:00 0                          [vvar]
7fffd45f2000-7fffd45f4000 r-xp 00000000 00:00 0                          [vdso]
ffffffffff600000-ffffffffff601000 r-xp 00000000 00:00 0                  [vsyscall]

VM Arguments:
jvm_args: -Dcom.sun.management.jmxremote -Dcom.sun.management.jmxremote.port=37679 -Dcom.sun.management.jmxremote.authenticate=false -Dcom.sun.management.jmxremote.ssl=false -Djava.rmi.server.hostname=localhost -Dspring.application.admin.enabled=true -Djava.security.egd=file:/dev/./urandom -Xverify:none -XX:TieredStopAtLevel=1 -Dfile.encoding=UTF-8 
java_command: com.rayc.helpdesk.HelpDeskApplication --spring.output.ansi.enabled=always
java_class_path (initial): /home/rayc/Documents/workspace-spring-tool-suite-4-4.0.0.RELEASE/HelpDesk/target/classes:/home/rayc/.m2/repository/org/springframework/boot/spring-boot-starter-data-mongodb/1.5.17.BUILD-SNAPSHOT/spring-boot-starter-data-mongodb-1.5.17.BUILD-SNAPSHOT.jar:/home/rayc/.m2/repository/org/springframework/boot/spring-boot-starter/1.5.17.BUILD-SNAPSHOT/spring-boot-starter-1.5.17.BUILD-SNAPSHOT.jar:/home/rayc/.m2/repository/org/springframework/boot/spring-boot-starter-logging/1.5.17.BUILD-SNAPSHOT/spring-boot-starter-logging-1.5.17.BUILD-SNAPSHOT.jar:/home/rayc/.m2/repository/ch/qos/logback/logback-classic/1.1.11/logback-classic-1.1.11.jar:/home/rayc/.m2/repository/ch/qos/logback/logback-core/1.1.11/logback-core-1.1.11.jar:/home/rayc/.m2/repository/org/slf4j/jul-to-slf4j/1.7.25/jul-to-slf4j-1.7.25.jar:/home/rayc/.m2/repository/org/slf4j/log4j-over-slf4j/1.7.25/log4j-over-slf4j-1.7.25.jar:/home/rayc/.m2/repository/org/yaml/snakeyaml/1.17/snakeyaml-1.17.jar:/home/rayc/.m2/repository/org/mongodb/mongodb-driver/3.4.3/mongodb-driver-3.4.3.jar:/home/rayc/.m2/repository/org/mongodb/mongodb-driver-core/3.4.3/mongodb-driver-core-3.4.3.jar:/home/rayc/.m2/repository/org/mongodb/bson/3.4.3/bson-3.4.3.jar:/home/rayc/.m2/repository/org/springframework/data/spring-data-mongodb/1.10.16.BUILD-SNAPSHOT/spring-data-mongodb-1.10.16.BUILD-SNAPSHOT.jar:/home/rayc/.m2/repository/org/springframework/spring-tx/4.3.20.BUILD-SNAPSHOT/spring-tx-4.3.20.BUILD-SNAPSHOT.jar:/home/rayc/.m2/repository/org/springframework/spring-context/4.3.20.BUILD-SNAPSHOT/spring-context-4.3.20.BUILD-SNAPSHOT.jar:/home/rayc/.m2/repository/org/springframework/spring-beans/4.3.20.BUILD-SNAPSHOT/spring-beans-4.3.20.BUILD-SNAPSHOT.jar:/home/rayc/.m2/repository/org/springframework/spring-expression/4.3.20.BUILD-SNAPSHOT/spring-expression-4.3.20.BUILD-SNAPSHOT.jar:/home/rayc/.m2/repository/org/springframework/data/spring-data-commons/1.13.16.BUILD-SNAPSHOT/spring-data-commons-1.13.16.BUILD-SNAPSHOT.ja
Launcher Type: SUN_STANDARD

Environment Variables:
PATH=/usr/local/bin:/usr/bin:/bin:/usr/local/sbin:/var/lib/flatpak/exports/bin:/usr/lib/jvm/default/bin:/usr/bin/site_perl:/usr/bin/vendor_perl:/usr/bin/core_perl:/var/lib/snapd/snap/bin
SHELL=/bin/bash
DISPLAY=:0.0

Signal Handlers:
SIGSEGV: [libjvm.so+0xa2bc40], sa_mask[0]=11111111011111111101111111111110, sa_flags=SA_RESTART|SA_SIGINFO
SIGBUS: [libjvm.so+0xa2bc40], sa_mask[0]=11111111011111111101111111111110, sa_flags=SA_RESTART|SA_SIGINFO
SIGFPE: [libjvm.so+0x8882f0], sa_mask[0]=11111111011111111101111111111110, sa_flags=SA_RESTART|SA_SIGINFO
SIGPIPE: [libjvm.so+0x8882f0], sa_mask[0]=11111111011111111101111111111110, sa_flags=SA_RESTART|SA_SIGINFO
SIGXFSZ: [libjvm.so+0x8882f0], sa_mask[0]=11111111011111111101111111111110, sa_flags=SA_RESTART|SA_SIGINFO
SIGILL: [libjvm.so+0x8882f0], sa_mask[0]=11111111011111111101111111111110, sa_flags=SA_RESTART|SA_SIGINFO
SIGUSR1: SIG_DFL, sa_mask[0]=00000000000000000000000000000000, sa_flags=none
SIGUSR2: [libjvm.so+0x888180], sa_mask[0]=00100000000000000000000000000000, sa_flags=SA_RESTART|SA_SIGINFO
SIGHUP: [libjvm.so+0x8883b0], sa_mask[0]=11111111011111111101111111111110, sa_flags=SA_RESTART|SA_SIGINFO
SIGINT: [libjvm.so+0x8883b0], sa_mask[0]=11111111011111111101111111111110, sa_flags=SA_RESTART|SA_SIGINFO
SIGTERM: [libjvm.so+0x8883b0], sa_mask[0]=11111111011111111101111111111110, sa_flags=SA_RESTART|SA_SIGINFO
SIGQUIT: [libjvm.so+0x8883b0], sa_mask[0]=11111111011111111101111111111110, sa_flags=SA_RESTART|SA_SIGINFO


---------------  S Y S T E M  ---------------

OS:DISTRIB_ID=ManjaroLinux
DISTRIB_RELEASE=18.0.0-rc
DISTRIB_CODENAME=Illyria
DISTRIB_DESCRIPTION="Manjaro Linux"

uname:Linux 4.14.74-1-MANJARO #1 SMP PREEMPT Fri Oct 5 14:16:52 UTC 2018 x86_64
libc:glibc 2.28 NPTL 2.28 
rlimit: STACK 8192k, CORE infinity, NPROC 15316, NOFILE 1048576, AS infinity
load average:16,26 12,12 8,18

/proc/meminfo:
MemTotal:        3935372 kB
MemFree:          114048 kB
MemAvailable:      22252 kB
Buffers:             500 kB
Cached:           369024 kB
SwapCached:            0 kB
Active:          3246728 kB
Inactive:         352332 kB
Active(anon):    3242064 kB
Inactive(anon):   343380 kB
Active(file):       4664 kB
Inactive(file):     8952 kB
Unevictable:          80 kB
Mlocked:              80 kB
SwapTotal:             0 kB
SwapFree:              0 kB
Dirty:               128 kB
Writeback:            76 kB
AnonPages:       3230160 kB
Mapped:           245736 kB
Shmem:            355512 kB
Slab:              99832 kB
SReclaimable:      41380 kB
SUnreclaim:        58452 kB
KernelStack:        9872 kB
PageTables:        35552 kB
NFS_Unstable:          0 kB
Bounce:                0 kB
WritebackTmp:          0 kB
CommitLimit:     1967684 kB
Committed_AS:    8416092 kB
VmallocTotal:   34359738367 kB
VmallocUsed:           0 kB
VmallocChunk:          0 kB
HardwareCorrupted:     0 kB
AnonHugePages:    335872 kB
ShmemHugePages:        0 kB
ShmemPmdMapped:        0 kB
HugePages_Total:       0
HugePages_Free:        0
HugePages_Rsvd:        0
HugePages_Surp:        0
Hugepagesize:       2048 kB
DirectMap4k:      215584 kB
DirectMap2M:     3870720 kB


CPU:total 4 (initial active 4) (2 cores per cpu, 2 threads per core) family 6 model 58 stepping 9, cmov, cx8, fxsr, mmx, sse, sse2, sse3, ssse3, sse4.1, sse4.2, popcnt, avx, clmul, erms, ht, tsc, tscinvbit, tscinv

/proc/cpuinfo:
processor	: 0
vendor_id	: GenuineIntel
cpu family	: 6
model		: 58
model name	: Intel(R) Core(TM) i3-3217U CPU @ 1.80GHz
stepping	: 9
microcode	: 0x20
cpu MHz		: 1229.090
cache size	: 3072 KB
physical id	: 0
siblings	: 4
core id		: 0
cpu cores	: 2
apicid		: 0
initial apicid	: 0
fpu		: yes
fpu_exception	: yes
cpuid level	: 13
wp		: yes
flags		: fpu vme de pse tsc msr pae mce cx8 apic sep mtrr pge mca cmov pat pse36 clflush dts acpi mmx fxsr sse sse2 ss ht tm pbe syscall nx rdtscp lm constant_tsc arch_perfmon pebs bts rep_good nopl xtopology nonstop_tsc cpuid aperfmperf pni pclmulqdq dtes64 monitor ds_cpl vmx est tm2 ssse3 cx16 xtpr pdcm pcid sse4_1 sse4_2 x2apic popcnt tsc_deadline_timer xsave avx f16c lahf_lm cpuid_fault epb pti ssbd ibrs ibpb stibp tpr_shadow vnmi flexpriority ept vpid fsgsbase smep erms xsaveopt dtherm ida arat pln pts flush_l1d
bugs		: cpu_meltdown spectre_v1 spectre_v2 spec_store_bypass l1tf
bogomips	: 3593.47
clflush size	: 64
cache_alignment	: 64
address sizes	: 36 bits physical, 48 bits virtual
power management:

processor	: 1
vendor_id	: GenuineIntel
cpu family	: 6
model		: 58
model name	: Intel(R) Core(TM) i3-3217U CPU @ 1.80GHz
stepping	: 9
microcode	: 0x20
cpu MHz		: 1364.421
cache size	: 3072 KB
physical id	: 0
siblings	: 4
core id		: 1
cpu cores	: 2
apicid		: 2
initial apicid	: 2
fpu		: yes
fpu_exception	: yes
cpuid level	: 13
wp		: yes
flags		: fpu vme de pse tsc msr pae mce cx8 apic sep mtrr pge mca cmov pat pse36 clflush dts acpi mmx fxsr sse sse2 ss ht tm pbe syscall nx rdtscp lm constant_tsc arch_perfmon pebs bts rep_good nopl xtopology nonstop_tsc cpuid aperfmperf pni pclmulqdq dtes64 monitor ds_cpl vmx est tm2 ssse3 cx16 xtpr pdcm pcid sse4_1 sse4_2 x2apic popcnt tsc_deadline_timer xsave avx f16c lahf_lm cpuid_fault epb pti ssbd ibrs ibpb stibp tpr_shadow vnmi flexpriority ept vpid fsgsbase smep erms xsaveopt dtherm ida arat pln pts flush_l1d
bugs		: cpu_meltdown spectre_v1 spectre_v2 spec_store_bypass l1tf
bogomips	: 3593.47
clflush size	: 64
cache_alignment	: 64
address sizes	: 36 bits physical, 48 bits virtual
power management:

processor	: 2
vendor_id	: GenuineIntel
cpu family	: 6
model		: 58
model name	: Intel(R) Core(TM) i3-3217U CPU @ 1.80GHz
stepping	: 9
microcode	: 0x20
cpu MHz		: 1338.991
cache size	: 3072 KB
physical id	: 0
siblings	: 4
core id		: 0
cpu cores	: 2
apicid		: 1
initial apicid	: 1
fpu		: yes
fpu_exception	: yes
cpuid level	: 13
wp		: yes
flags		: fpu vme de pse tsc msr pae mce cx8 apic sep mtrr pge mca cmov pat pse36 clflush dts acpi mmx fxsr sse sse2 ss ht tm pbe syscall nx rdtscp lm constant_tsc arch_perfmon pebs bts rep_good nopl xtopology nonstop_tsc cpuid aperfmperf pni pclmulqdq dtes64 monitor ds_cpl vmx est tm2 ssse3 cx16 xtpr pdcm pcid sse4_1 sse4_2 x2apic popcnt tsc_deadline_timer xsave avx f16c lahf_lm cpuid_fault epb pti ssbd ibrs ibpb stibp tpr_shadow vnmi flexpriority ept vpid fsgsbase smep erms xsaveopt dtherm ida arat pln pts flush_l1d
bugs		: cpu_meltdown spectre_v1 spectre_v2 spec_store_bypass l1tf
bogomips	: 3593.47
clflush size	: 64
cache_alignment	: 64
address sizes	: 36 bits physical, 48 bits virtual
power management:

processor	: 3
vendor_id	: GenuineIntel
cpu family	: 6
model		: 58
model name	: Intel(R) Core(TM) i3-3217U CPU @ 1.80GHz
stepping	: 9
microcode	: 0x20
cpu MHz		: 1438.595
cache size	: 3072 KB
physical id	: 0
siblings	: 4
core id		: 1
cpu cores	: 2
apicid		: 3
initial apicid	: 3
fpu		: yes
fpu_exception	: yes
cpuid level	: 13
wp		: yes
flags		: fpu vme de pse tsc msr pae mce cx8 apic sep mtrr pge mca cmov pat pse36 clflush dts acpi mmx fxsr sse sse2 ss ht tm pbe syscall nx rdtscp lm constant_tsc arch_perfmon pebs bts rep_good nopl xtopology nonstop_tsc cpuid aperfmperf pni pclmulqdq dtes64 monitor ds_cpl vmx est tm2 ssse3 cx16 xtpr pdcm pcid sse4_1 sse4_2 x2apic popcnt tsc_deadline_timer xsave avx f16c lahf_lm cpuid_fault epb pti ssbd ibrs ibpb stibp tpr_shadow vnmi flexpriority ept vpid fsgsbase smep erms xsaveopt dtherm ida arat pln pts flush_l1d
bugs		: cpu_meltdown spectre_v1 spectre_v2 spec_store_bypass l1tf
bogomips	: 3593.47
clflush size	: 64
cache_alignment	: 64
address sizes	: 36 bits physical, 48 bits virtual
power management:



Memory: 4k page, physical 3935372k(113924k free), swap 0k(0k free)

vm_info: OpenJDK 64-Bit Server VM (25.181-b13) for linux-amd64 JRE (1.8.0_181-b13), built on Aug 10 2018 18:36:50 by "builduser" with gcc 8.2.0

time: Mon Oct 15 09:13:26 2018
elapsed time: 145 seconds (0d 0h 2m 25s)

